<?xml version="1.0" encoding="UTF-8"?>
<!-- Generated by org.testng.reporters.JUnitReportReporter -->
<testsuite hostname="AartiRaj" failures="0" tests="2" name="com.tutorialsninja.qa.testcases.Register" time="14.855" errors="0" timestamp="2024-05-05T10:32:16 IST" skipped="0">
  <testcase classname="com.tutorialsninja.qa.testcases.Register" name="verifyRegisterWithMandatoryFields" time="4.418"/>
  <testcase classname="com.tutorialsninja.qa.testcases.Register" name="verifyRegisterWithoutMandatoryFields" time="10.437"/>
</testsuite> <!-- com.tutorialsninja.qa.testcases.Register -->
